2022-05-18T21:32:03.214+0800	[34mINFO[0m	nacos_client/nacos_client.go:79	logDir:<nacos/log>   cacheDir:<nacos/cache>
2022-05-18T21:32:03.215+0800	[34mINFO[0m	naming_client/push_receiver.go:80	udp server start, port: 55122
2022-05-18T21:32:03.215+0800	[34mINFO[0m	naming_client/naming_proxy.go:54	register instance namespaceId:<185be851-fa36-4cfc-b985-940d7eda5d1c>,serviceName:<dev@@douyin-srv> with instance:<{"valid":false,"marked":false,"instanceId":"","port":50393,"ip":"localhost","weight":10,"metadata":{},"clusterName":"cluster-a","serviceName":"","enabled":true,"healthy":true,"ephemeral":true}>
2022-05-18T21:32:03.244+0800	[34mINFO[0m	naming_client/beat_reactor.go:68	adding beat: <{"ip":"localhost","port":50393,"weight":10,"serviceName":"dev@@douyin-srv","cluster":"cluster-a","metadata":{},"scheduled":false}> to beat map
2022-05-18T21:32:03.245+0800	[34mINFO[0m	naming_client/naming_proxy.go:103	namespaceId:<185be851-fa36-4cfc-b985-940d7eda5d1c> sending beat to server:<{"ip":"localhost","port":50393,"weight":10,"serviceName":"dev@@douyin-srv","cluster":"cluster-a","metadata":{},"scheduled":false}>
2022-05-18T21:32:08.264+0800	[34mINFO[0m	naming_client/naming_proxy.go:103	namespaceId:<185be851-fa36-4cfc-b985-940d7eda5d1c> sending beat to server:<{"ip":"localhost","port":50393,"weight":10,"serviceName":"dev@@douyin-srv","cluster":"cluster-a","metadata":{},"scheduled":false}>
2022-05-18T21:32:13.280+0800	[34mINFO[0m	naming_client/naming_proxy.go:103	namespaceId:<185be851-fa36-4cfc-b985-940d7eda5d1c> sending beat to server:<{"ip":"localhost","port":50393,"weight":10,"serviceName":"dev@@douyin-srv","cluster":"cluster-a","metadata":{},"scheduled":false}>
2022-05-18T21:32:18.303+0800	[34mINFO[0m	naming_client/naming_proxy.go:103	namespaceId:<185be851-fa36-4cfc-b985-940d7eda5d1c> sending beat to server:<{"ip":"localhost","port":50393,"weight":10,"serviceName":"dev@@douyin-srv","cluster":"cluster-a","metadata":{},"scheduled":false}>
2022-05-18T21:32:23.318+0800	[34mINFO[0m	naming_client/naming_proxy.go:103	namespaceId:<185be851-fa36-4cfc-b985-940d7eda5d1c> sending beat to server:<{"ip":"localhost","port":50393,"weight":10,"serviceName":"dev@@douyin-srv","cluster":"cluster-a","metadata":{},"scheduled":false}>
2022-05-18T21:32:28.339+0800	[34mINFO[0m	naming_client/naming_proxy.go:103	namespaceId:<185be851-fa36-4cfc-b985-940d7eda5d1c> sending beat to server:<{"ip":"localhost","port":50393,"weight":10,"serviceName":"dev@@douyin-srv","cluster":"cluster-a","metadata":{},"scheduled":false}>
2022-05-18T21:32:33.364+0800	[34mINFO[0m	naming_client/naming_proxy.go:103	namespaceId:<185be851-fa36-4cfc-b985-940d7eda5d1c> sending beat to server:<{"ip":"localhost","port":50393,"weight":10,"serviceName":"dev@@douyin-srv","cluster":"cluster-a","metadata":{},"scheduled":false}>
2022-05-18T21:32:38.392+0800	[34mINFO[0m	naming_client/naming_proxy.go:103	namespaceId:<185be851-fa36-4cfc-b985-940d7eda5d1c> sending beat to server:<{"ip":"localhost","port":50393,"weight":10,"serviceName":"dev@@douyin-srv","cluster":"cluster-a","metadata":{},"scheduled":false}>
2022-05-18T21:32:43.426+0800	[34mINFO[0m	naming_client/naming_proxy.go:103	namespaceId:<185be851-fa36-4cfc-b985-940d7eda5d1c> sending beat to server:<{"ip":"localhost","port":50393,"weight":10,"serviceName":"dev@@douyin-srv","cluster":"cluster-a","metadata":{},"scheduled":false}>
2022-05-18T21:32:48.445+0800	[34mINFO[0m	naming_client/naming_proxy.go:103	namespaceId:<185be851-fa36-4cfc-b985-940d7eda5d1c> sending beat to server:<{"ip":"localhost","port":50393,"weight":10,"serviceName":"dev@@douyin-srv","cluster":"cluster-a","metadata":{},"scheduled":false}>
2022-05-18T21:32:53.466+0800	[34mINFO[0m	naming_client/naming_proxy.go:103	namespaceId:<185be851-fa36-4cfc-b985-940d7eda5d1c> sending beat to server:<{"ip":"localhost","port":50393,"weight":10,"serviceName":"dev@@douyin-srv","cluster":"cluster-a","metadata":{},"scheduled":false}>
2022-05-18T21:32:58.490+0800	[34mINFO[0m	naming_client/naming_proxy.go:103	namespaceId:<185be851-fa36-4cfc-b985-940d7eda5d1c> sending beat to server:<{"ip":"localhost","port":50393,"weight":10,"serviceName":"dev@@douyin-srv","cluster":"cluster-a","metadata":{},"scheduled":false}>
2022-05-18T21:33:03.524+0800	[34mINFO[0m	naming_client/naming_proxy.go:103	namespaceId:<185be851-fa36-4cfc-b985-940d7eda5d1c> sending beat to server:<{"ip":"localhost","port":50393,"weight":10,"serviceName":"dev@@douyin-srv","cluster":"cluster-a","metadata":{},"scheduled":false}>
2022-05-18T21:33:08.540+0800	[34mINFO[0m	naming_client/naming_proxy.go:103	namespaceId:<185be851-fa36-4cfc-b985-940d7eda5d1c> sending beat to server:<{"ip":"localhost","port":50393,"weight":10,"serviceName":"dev@@douyin-srv","cluster":"cluster-a","metadata":{},"scheduled":false}>
2022-05-18T21:33:13.559+0800	[34mINFO[0m	naming_client/naming_proxy.go:103	namespaceId:<185be851-fa36-4cfc-b985-940d7eda5d1c> sending beat to server:<{"ip":"localhost","port":50393,"weight":10,"serviceName":"dev@@douyin-srv","cluster":"cluster-a","metadata":{},"scheduled":false}>
2022-05-18T21:33:16.297+0800	[34mINFO[0m	nacos_client/nacos_client.go:79	logDir:<nacos/log>   cacheDir:<nacos/cache>
2022-05-18T21:33:16.297+0800	[34mINFO[0m	naming_client/push_receiver.go:80	udp server start, port: 55932
2022-05-18T21:33:16.297+0800	[34mINFO[0m	naming_client/naming_proxy.go:54	register instance namespaceId:<185be851-fa36-4cfc-b985-940d7eda5d1c>,serviceName:<dev@@douyin-srv> with instance:<{"valid":false,"marked":false,"instanceId":"","port":50494,"ip":"localhost","weight":10,"metadata":{},"clusterName":"cluster-a","serviceName":"","enabled":true,"healthy":true,"ephemeral":true}>
2022-05-18T21:33:16.308+0800	[34mINFO[0m	naming_client/beat_reactor.go:68	adding beat: <{"ip":"localhost","port":50494,"weight":10,"serviceName":"dev@@douyin-srv","cluster":"cluster-a","metadata":{},"scheduled":false}> to beat map
2022-05-18T21:33:16.308+0800	[34mINFO[0m	naming_client/naming_proxy.go:103	namespaceId:<185be851-fa36-4cfc-b985-940d7eda5d1c> sending beat to server:<{"ip":"localhost","port":50494,"weight":10,"serviceName":"dev@@douyin-srv","cluster":"cluster-a","metadata":{},"scheduled":false}>
2022-05-18T21:33:18.573+0800	[34mINFO[0m	naming_client/naming_proxy.go:103	namespaceId:<185be851-fa36-4cfc-b985-940d7eda5d1c> sending beat to server:<{"ip":"localhost","port":50393,"weight":10,"serviceName":"dev@@douyin-srv","cluster":"cluster-a","metadata":{},"scheduled":false}>
2022-05-18T21:33:21.314+0800	[34mINFO[0m	naming_client/naming_proxy.go:103	namespaceId:<185be851-fa36-4cfc-b985-940d7eda5d1c> sending beat to server:<{"ip":"localhost","port":50494,"weight":10,"serviceName":"dev@@douyin-srv","cluster":"cluster-a","metadata":{},"scheduled":false}>
2022-05-18T21:33:23.586+0800	[34mINFO[0m	naming_client/naming_proxy.go:103	namespaceId:<185be851-fa36-4cfc-b985-940d7eda5d1c> sending beat to server:<{"ip":"localhost","port":50393,"weight":10,"serviceName":"dev@@douyin-srv","cluster":"cluster-a","metadata":{},"scheduled":false}>
2022-05-18T21:33:26.338+0800	[34mINFO[0m	naming_client/naming_proxy.go:103	namespaceId:<185be851-fa36-4cfc-b985-940d7eda5d1c> sending beat to server:<{"ip":"localhost","port":50494,"weight":10,"serviceName":"dev@@douyin-srv","cluster":"cluster-a","metadata":{},"scheduled":false}>
2022-05-18T21:33:28.611+0800	[34mINFO[0m	naming_client/naming_proxy.go:103	namespaceId:<185be851-fa36-4cfc-b985-940d7eda5d1c> sending beat to server:<{"ip":"localhost","port":50393,"weight":10,"serviceName":"dev@@douyin-srv","cluster":"cluster-a","metadata":{},"scheduled":false}>
2022-05-18T21:33:31.360+0800	[34mINFO[0m	naming_client/naming_proxy.go:103	namespaceId:<185be851-fa36-4cfc-b985-940d7eda5d1c> sending beat to server:<{"ip":"localhost","port":50494,"weight":10,"serviceName":"dev@@douyin-srv","cluster":"cluster-a","metadata":{},"scheduled":false}>
2022-05-18T21:33:33.639+0800	[34mINFO[0m	naming_client/naming_proxy.go:103	namespaceId:<185be851-fa36-4cfc-b985-940d7eda5d1c> sending beat to server:<{"ip":"localhost","port":50393,"weight":10,"serviceName":"dev@@douyin-srv","cluster":"cluster-a","metadata":{},"scheduled":false}>
2022-05-18T21:33:36.384+0800	[34mINFO[0m	naming_client/naming_proxy.go:103	namespaceId:<185be851-fa36-4cfc-b985-940d7eda5d1c> sending beat to server:<{"ip":"localhost","port":50494,"weight":10,"serviceName":"dev@@douyin-srv","cluster":"cluster-a","metadata":{},"scheduled":false}>
2022-05-18T21:33:38.668+0800	[34mINFO[0m	naming_client/naming_proxy.go:103	namespaceId:<185be851-fa36-4cfc-b985-940d7eda5d1c> sending beat to server:<{"ip":"localhost","port":50393,"weight":10,"serviceName":"dev@@douyin-srv","cluster":"cluster-a","metadata":{},"scheduled":false}>
2022-05-18T21:33:41.409+0800	[34mINFO[0m	naming_client/naming_proxy.go:103	namespaceId:<185be851-fa36-4cfc-b985-940d7eda5d1c> sending beat to server:<{"ip":"localhost","port":50494,"weight":10,"serviceName":"dev@@douyin-srv","cluster":"cluster-a","metadata":{},"scheduled":false}>
2022-05-18T21:33:43.691+0800	[34mINFO[0m	naming_client/naming_proxy.go:103	namespaceId:<185be851-fa36-4cfc-b985-940d7eda5d1c> sending beat to server:<{"ip":"localhost","port":50393,"weight":10,"serviceName":"dev@@douyin-srv","cluster":"cluster-a","metadata":{},"scheduled":false}>
2022-05-18T21:33:46.427+0800	[34mINFO[0m	naming_client/naming_proxy.go:103	namespaceId:<185be851-fa36-4cfc-b985-940d7eda5d1c> sending beat to server:<{"ip":"localhost","port":50494,"weight":10,"serviceName":"dev@@douyin-srv","cluster":"cluster-a","metadata":{},"scheduled":false}>
2022-05-18T21:33:48.707+0800	[34mINFO[0m	naming_client/naming_proxy.go:103	namespaceId:<185be851-fa36-4cfc-b985-940d7eda5d1c> sending beat to server:<{"ip":"localhost","port":50393,"weight":10,"serviceName":"dev@@douyin-srv","cluster":"cluster-a","metadata":{},"scheduled":false}>
2022-05-18T21:33:51.454+0800	[34mINFO[0m	naming_client/naming_proxy.go:103	namespaceId:<185be851-fa36-4cfc-b985-940d7eda5d1c> sending beat to server:<{"ip":"localhost","port":50494,"weight":10,"serviceName":"dev@@douyin-srv","cluster":"cluster-a","metadata":{},"scheduled":false}>
2022-05-18T21:33:53.723+0800	[34mINFO[0m	naming_client/naming_proxy.go:103	namespaceId:<185be851-fa36-4cfc-b985-940d7eda5d1c> sending beat to server:<{"ip":"localhost","port":50393,"weight":10,"serviceName":"dev@@douyin-srv","cluster":"cluster-a","metadata":{},"scheduled":false}>
2022-05-18T21:33:56.469+0800	[34mINFO[0m	naming_client/naming_proxy.go:103	namespaceId:<185be851-fa36-4cfc-b985-940d7eda5d1c> sending beat to server:<{"ip":"localhost","port":50494,"weight":10,"serviceName":"dev@@douyin-srv","cluster":"cluster-a","metadata":{},"scheduled":false}>
2022-05-18T21:33:58.741+0800	[34mINFO[0m	naming_client/naming_proxy.go:103	namespaceId:<185be851-fa36-4cfc-b985-940d7eda5d1c> sending beat to server:<{"ip":"localhost","port":50393,"weight":10,"serviceName":"dev@@douyin-srv","cluster":"cluster-a","metadata":{},"scheduled":false}>
2022-05-18T21:34:03.767+0800	[34mINFO[0m	naming_client/naming_proxy.go:103	namespaceId:<185be851-fa36-4cfc-b985-940d7eda5d1c> sending beat to server:<{"ip":"localhost","port":50393,"weight":10,"serviceName":"dev@@douyin-srv","cluster":"cluster-a","metadata":{},"scheduled":false}>
2022-05-18T21:34:08.773+0800	[34mINFO[0m	naming_client/naming_proxy.go:103	namespaceId:<185be851-fa36-4cfc-b985-940d7eda5d1c> sending beat to server:<{"ip":"localhost","port":50393,"weight":10,"serviceName":"dev@@douyin-srv","cluster":"cluster-a","metadata":{},"scheduled":false}>
2022-05-18T21:34:13.799+0800	[34mINFO[0m	naming_client/naming_proxy.go:103	namespaceId:<185be851-fa36-4cfc-b985-940d7eda5d1c> sending beat to server:<{"ip":"localhost","port":50393,"weight":10,"serviceName":"dev@@douyin-srv","cluster":"cluster-a","metadata":{},"scheduled":false}>
2022-05-18T21:34:18.818+0800	[34mINFO[0m	naming_client/naming_proxy.go:103	namespaceId:<185be851-fa36-4cfc-b985-940d7eda5d1c> sending beat to server:<{"ip":"localhost","port":50393,"weight":10,"serviceName":"dev@@douyin-srv","cluster":"cluster-a","metadata":{},"scheduled":false}>
2022-05-18T21:34:23.843+0800	[34mINFO[0m	naming_client/naming_proxy.go:103	namespaceId:<185be851-fa36-4cfc-b985-940d7eda5d1c> sending beat to server:<{"ip":"localhost","port":50393,"weight":10,"serviceName":"dev@@douyin-srv","cluster":"cluster-a","metadata":{},"scheduled":false}>
2022-05-18T21:34:28.866+0800	[34mINFO[0m	naming_client/naming_proxy.go:103	namespaceId:<185be851-fa36-4cfc-b985-940d7eda5d1c> sending beat to server:<{"ip":"localhost","port":50393,"weight":10,"serviceName":"dev@@douyin-srv","cluster":"cluster-a","metadata":{},"scheduled":false}>
2022-05-18T21:34:33.885+0800	[34mINFO[0m	naming_client/naming_proxy.go:103	namespaceId:<185be851-fa36-4cfc-b985-940d7eda5d1c> sending beat to server:<{"ip":"localhost","port":50393,"weight":10,"serviceName":"dev@@douyin-srv","cluster":"cluster-a","metadata":{},"scheduled":false}>
2022-05-18T21:34:38.907+0800	[34mINFO[0m	naming_client/naming_proxy.go:103	namespaceId:<185be851-fa36-4cfc-b985-940d7eda5d1c> sending beat to server:<{"ip":"localhost","port":50393,"weight":10,"serviceName":"dev@@douyin-srv","cluster":"cluster-a","metadata":{},"scheduled":false}>
2022-05-18T21:34:43.922+0800	[34mINFO[0m	naming_client/naming_proxy.go:103	namespaceId:<185be851-fa36-4cfc-b985-940d7eda5d1c> sending beat to server:<{"ip":"localhost","port":50393,"weight":10,"serviceName":"dev@@douyin-srv","cluster":"cluster-a","metadata":{},"scheduled":false}>
2022-05-18T21:34:48.945+0800	[34mINFO[0m	naming_client/naming_proxy.go:103	namespaceId:<185be851-fa36-4cfc-b985-940d7eda5d1c> sending beat to server:<{"ip":"localhost","port":50393,"weight":10,"serviceName":"dev@@douyin-srv","cluster":"cluster-a","metadata":{},"scheduled":false}>
2022-05-18T21:34:53.963+0800	[34mINFO[0m	naming_client/naming_proxy.go:103	namespaceId:<185be851-fa36-4cfc-b985-940d7eda5d1c> sending beat to server:<{"ip":"localhost","port":50393,"weight":10,"serviceName":"dev@@douyin-srv","cluster":"cluster-a","metadata":{},"scheduled":false}>
2022-05-18T21:34:58.989+0800	[34mINFO[0m	naming_client/naming_proxy.go:103	namespaceId:<185be851-fa36-4cfc-b985-940d7eda5d1c> sending beat to server:<{"ip":"localhost","port":50393,"weight":10,"serviceName":"dev@@douyin-srv","cluster":"cluster-a","metadata":{},"scheduled":false}>
2022-05-18T21:35:04.016+0800	[34mINFO[0m	naming_client/naming_proxy.go:103	namespaceId:<185be851-fa36-4cfc-b985-940d7eda5d1c> sending beat to server:<{"ip":"localhost","port":50393,"weight":10,"serviceName":"dev@@douyin-srv","cluster":"cluster-a","metadata":{},"scheduled":false}>
2022-05-18T21:35:09.038+0800	[34mINFO[0m	naming_client/naming_proxy.go:103	namespaceId:<185be851-fa36-4cfc-b985-940d7eda5d1c> sending beat to server:<{"ip":"localhost","port":50393,"weight":10,"serviceName":"dev@@douyin-srv","cluster":"cluster-a","metadata":{},"scheduled":false}>
2022-05-18T21:35:14.059+0800	[34mINFO[0m	naming_client/naming_proxy.go:103	namespaceId:<185be851-fa36-4cfc-b985-940d7eda5d1c> sending beat to server:<{"ip":"localhost","port":50393,"weight":10,"serviceName":"dev@@douyin-srv","cluster":"cluster-a","metadata":{},"scheduled":false}>
2022-05-18T21:35:19.075+0800	[34mINFO[0m	naming_client/naming_proxy.go:103	namespaceId:<185be851-fa36-4cfc-b985-940d7eda5d1c> sending beat to server:<{"ip":"localhost","port":50393,"weight":10,"serviceName":"dev@@douyin-srv","cluster":"cluster-a","metadata":{},"scheduled":false}>
2022-05-18T21:35:24.095+0800	[34mINFO[0m	naming_client/naming_proxy.go:103	namespaceId:<185be851-fa36-4cfc-b985-940d7eda5d1c> sending beat to server:<{"ip":"localhost","port":50393,"weight":10,"serviceName":"dev@@douyin-srv","cluster":"cluster-a","metadata":{},"scheduled":false}>
2022-05-18T21:35:29.104+0800	[34mINFO[0m	naming_client/naming_proxy.go:103	namespaceId:<185be851-fa36-4cfc-b985-940d7eda5d1c> sending beat to server:<{"ip":"localhost","port":50393,"weight":10,"serviceName":"dev@@douyin-srv","cluster":"cluster-a","metadata":{},"scheduled":false}>
2022-05-18T21:35:34.116+0800	[34mINFO[0m	naming_client/naming_proxy.go:103	namespaceId:<185be851-fa36-4cfc-b985-940d7eda5d1c> sending beat to server:<{"ip":"localhost","port":50393,"weight":10,"serviceName":"dev@@douyin-srv","cluster":"cluster-a","metadata":{},"scheduled":false}>
2022-05-18T21:35:39.135+0800	[34mINFO[0m	naming_client/naming_proxy.go:103	namespaceId:<185be851-fa36-4cfc-b985-940d7eda5d1c> sending beat to server:<{"ip":"localhost","port":50393,"weight":10,"serviceName":"dev@@douyin-srv","cluster":"cluster-a","metadata":{},"scheduled":false}>
2022-05-18T21:35:44.151+0800	[34mINFO[0m	naming_client/naming_proxy.go:103	namespaceId:<185be851-fa36-4cfc-b985-940d7eda5d1c> sending beat to server:<{"ip":"localhost","port":50393,"weight":10,"serviceName":"dev@@douyin-srv","cluster":"cluster-a","metadata":{},"scheduled":false}>
2022-05-18T21:35:49.172+0800	[34mINFO[0m	naming_client/naming_proxy.go:103	namespaceId:<185be851-fa36-4cfc-b985-940d7eda5d1c> sending beat to server:<{"ip":"localhost","port":50393,"weight":10,"serviceName":"dev@@douyin-srv","cluster":"cluster-a","metadata":{},"scheduled":false}>
2022-05-18T21:35:54.196+0800	[34mINFO[0m	naming_client/naming_proxy.go:103	namespaceId:<185be851-fa36-4cfc-b985-940d7eda5d1c> sending beat to server:<{"ip":"localhost","port":50393,"weight":10,"serviceName":"dev@@douyin-srv","cluster":"cluster-a","metadata":{},"scheduled":false}>
2022-05-18T21:35:59.214+0800	[34mINFO[0m	naming_client/naming_proxy.go:103	namespaceId:<185be851-fa36-4cfc-b985-940d7eda5d1c> sending beat to server:<{"ip":"localhost","port":50393,"weight":10,"serviceName":"dev@@douyin-srv","cluster":"cluster-a","metadata":{},"scheduled":false}>
2022-05-18T21:36:00.089+0800	[34mINFO[0m	naming_client/beat_reactor.go:83	remove beat: dev@@douyin-srv@localhost:50393 from beat map
2022-05-18T21:36:00.089+0800	[34mINFO[0m	naming_client/naming_proxy.go:73	deregister instance namespaceId:<185be851-fa36-4cfc-b985-940d7eda5d1c>,serviceName:<dev@@douyin-srv> with instance:<localhost:50393@cluster-a>
2022-05-18T21:36:10.405+0800	[34mINFO[0m	nacos_client/nacos_client.go:79	logDir:<nacos/log>   cacheDir:<nacos/cache>
2022-05-18T21:36:10.405+0800	[34mINFO[0m	naming_client/push_receiver.go:80	udp server start, port: 55148
2022-05-18T21:36:10.405+0800	[34mINFO[0m	naming_client/naming_proxy.go:54	register instance namespaceId:<185be851-fa36-4cfc-b985-940d7eda5d1c>,serviceName:<dev@@douyin-srv> with instance:<{"valid":false,"marked":false,"instanceId":"","port":50620,"ip":"localhost","weight":10,"metadata":{},"clusterName":"cluster-a","serviceName":"","enabled":true,"healthy":true,"ephemeral":true}>
2022-05-18T21:36:10.417+0800	[34mINFO[0m	naming_client/beat_reactor.go:68	adding beat: <{"ip":"localhost","port":50620,"weight":10,"serviceName":"dev@@douyin-srv","cluster":"cluster-a","metadata":{},"scheduled":false}> to beat map
2022-05-18T21:36:10.417+0800	[34mINFO[0m	naming_client/naming_proxy.go:103	namespaceId:<185be851-fa36-4cfc-b985-940d7eda5d1c> sending beat to server:<{"ip":"localhost","port":50620,"weight":10,"serviceName":"dev@@douyin-srv","cluster":"cluster-a","metadata":{},"scheduled":false}>
2022-05-18T21:36:15.422+0800	[34mINFO[0m	naming_client/naming_proxy.go:103	namespaceId:<185be851-fa36-4cfc-b985-940d7eda5d1c> sending beat to server:<{"ip":"localhost","port":50620,"weight":10,"serviceName":"dev@@douyin-srv","cluster":"cluster-a","metadata":{},"scheduled":false}>
2022-05-18T21:36:20.445+0800	[34mINFO[0m	naming_client/naming_proxy.go:103	namespaceId:<185be851-fa36-4cfc-b985-940d7eda5d1c> sending beat to server:<{"ip":"localhost","port":50620,"weight":10,"serviceName":"dev@@douyin-srv","cluster":"cluster-a","metadata":{},"scheduled":false}>
2022-05-18T21:36:25.470+0800	[34mINFO[0m	naming_client/naming_proxy.go:103	namespaceId:<185be851-fa36-4cfc-b985-940d7eda5d1c> sending beat to server:<{"ip":"localhost","port":50620,"weight":10,"serviceName":"dev@@douyin-srv","cluster":"cluster-a","metadata":{},"scheduled":false}>
2022-05-18T21:36:30.502+0800	[34mINFO[0m	naming_client/naming_proxy.go:103	namespaceId:<185be851-fa36-4cfc-b985-940d7eda5d1c> sending beat to server:<{"ip":"localhost","port":50620,"weight":10,"serviceName":"dev@@douyin-srv","cluster":"cluster-a","metadata":{},"scheduled":false}>
2022-05-18T21:36:35.513+0800	[34mINFO[0m	naming_client/naming_proxy.go:103	namespaceId:<185be851-fa36-4cfc-b985-940d7eda5d1c> sending beat to server:<{"ip":"localhost","port":50620,"weight":10,"serviceName":"dev@@douyin-srv","cluster":"cluster-a","metadata":{},"scheduled":false}>
2022-05-18T21:36:40.530+0800	[34mINFO[0m	naming_client/naming_proxy.go:103	namespaceId:<185be851-fa36-4cfc-b985-940d7eda5d1c> sending beat to server:<{"ip":"localhost","port":50620,"weight":10,"serviceName":"dev@@douyin-srv","cluster":"cluster-a","metadata":{},"scheduled":false}>
2022-05-18T21:36:45.550+0800	[34mINFO[0m	naming_client/naming_proxy.go:103	namespaceId:<185be851-fa36-4cfc-b985-940d7eda5d1c> sending beat to server:<{"ip":"localhost","port":50620,"weight":10,"serviceName":"dev@@douyin-srv","cluster":"cluster-a","metadata":{},"scheduled":false}>
2022-05-18T21:36:50.567+0800	[34mINFO[0m	naming_client/naming_proxy.go:103	namespaceId:<185be851-fa36-4cfc-b985-940d7eda5d1c> sending beat to server:<{"ip":"localhost","port":50620,"weight":10,"serviceName":"dev@@douyin-srv","cluster":"cluster-a","metadata":{},"scheduled":false}>
2022-05-18T21:36:55.583+0800	[34mINFO[0m	naming_client/naming_proxy.go:103	namespaceId:<185be851-fa36-4cfc-b985-940d7eda5d1c> sending beat to server:<{"ip":"localhost","port":50620,"weight":10,"serviceName":"dev@@douyin-srv","cluster":"cluster-a","metadata":{},"scheduled":false}>
2022-05-18T21:37:00.595+0800	[34mINFO[0m	naming_client/naming_proxy.go:103	namespaceId:<185be851-fa36-4cfc-b985-940d7eda5d1c> sending beat to server:<{"ip":"localhost","port":50620,"weight":10,"serviceName":"dev@@douyin-srv","cluster":"cluster-a","metadata":{},"scheduled":false}>
2022-05-18T21:37:05.613+0800	[34mINFO[0m	naming_client/naming_proxy.go:103	namespaceId:<185be851-fa36-4cfc-b985-940d7eda5d1c> sending beat to server:<{"ip":"localhost","port":50620,"weight":10,"serviceName":"dev@@douyin-srv","cluster":"cluster-a","metadata":{},"scheduled":false}>
2022-05-18T21:37:10.641+0800	[34mINFO[0m	naming_client/naming_proxy.go:103	namespaceId:<185be851-fa36-4cfc-b985-940d7eda5d1c> sending beat to server:<{"ip":"localhost","port":50620,"weight":10,"serviceName":"dev@@douyin-srv","cluster":"cluster-a","metadata":{},"scheduled":false}>
2022-05-18T21:37:15.667+0800	[34mINFO[0m	naming_client/naming_proxy.go:103	namespaceId:<185be851-fa36-4cfc-b985-940d7eda5d1c> sending beat to server:<{"ip":"localhost","port":50620,"weight":10,"serviceName":"dev@@douyin-srv","cluster":"cluster-a","metadata":{},"scheduled":false}>
2022-05-18T21:37:20.683+0800	[34mINFO[0m	naming_client/naming_proxy.go:103	namespaceId:<185be851-fa36-4cfc-b985-940d7eda5d1c> sending beat to server:<{"ip":"localhost","port":50620,"weight":10,"serviceName":"dev@@douyin-srv","cluster":"cluster-a","metadata":{},"scheduled":false}>
2022-05-18T21:37:25.699+0800	[34mINFO[0m	naming_client/naming_proxy.go:103	namespaceId:<185be851-fa36-4cfc-b985-940d7eda5d1c> sending beat to server:<{"ip":"localhost","port":50620,"weight":10,"serviceName":"dev@@douyin-srv","cluster":"cluster-a","metadata":{},"scheduled":false}>
2022-05-18T21:37:30.720+0800	[34mINFO[0m	naming_client/naming_proxy.go:103	namespaceId:<185be851-fa36-4cfc-b985-940d7eda5d1c> sending beat to server:<{"ip":"localhost","port":50620,"weight":10,"serviceName":"dev@@douyin-srv","cluster":"cluster-a","metadata":{},"scheduled":false}>
2022-05-18T21:37:35.740+0800	[34mINFO[0m	naming_client/naming_proxy.go:103	namespaceId:<185be851-fa36-4cfc-b985-940d7eda5d1c> sending beat to server:<{"ip":"localhost","port":50620,"weight":10,"serviceName":"dev@@douyin-srv","cluster":"cluster-a","metadata":{},"scheduled":false}>
2022-05-18T21:37:40.767+0800	[34mINFO[0m	naming_client/naming_proxy.go:103	namespaceId:<185be851-fa36-4cfc-b985-940d7eda5d1c> sending beat to server:<{"ip":"localhost","port":50620,"weight":10,"serviceName":"dev@@douyin-srv","cluster":"cluster-a","metadata":{},"scheduled":false}>
2022-05-18T21:37:45.790+0800	[34mINFO[0m	naming_client/naming_proxy.go:103	namespaceId:<185be851-fa36-4cfc-b985-940d7eda5d1c> sending beat to server:<{"ip":"localhost","port":50620,"weight":10,"serviceName":"dev@@douyin-srv","cluster":"cluster-a","metadata":{},"scheduled":false}>
2022-05-18T21:37:50.809+0800	[34mINFO[0m	naming_client/naming_proxy.go:103	namespaceId:<185be851-fa36-4cfc-b985-940d7eda5d1c> sending beat to server:<{"ip":"localhost","port":50620,"weight":10,"serviceName":"dev@@douyin-srv","cluster":"cluster-a","metadata":{},"scheduled":false}>
2022-05-18T21:37:55.836+0800	[34mINFO[0m	naming_client/naming_proxy.go:103	namespaceId:<185be851-fa36-4cfc-b985-940d7eda5d1c> sending beat to server:<{"ip":"localhost","port":50620,"weight":10,"serviceName":"dev@@douyin-srv","cluster":"cluster-a","metadata":{},"scheduled":false}>
2022-05-18T21:38:00.856+0800	[34mINFO[0m	naming_client/naming_proxy.go:103	namespaceId:<185be851-fa36-4cfc-b985-940d7eda5d1c> sending beat to server:<{"ip":"localhost","port":50620,"weight":10,"serviceName":"dev@@douyin-srv","cluster":"cluster-a","metadata":{},"scheduled":false}>
2022-05-18T21:38:05.880+0800	[34mINFO[0m	naming_client/naming_proxy.go:103	namespaceId:<185be851-fa36-4cfc-b985-940d7eda5d1c> sending beat to server:<{"ip":"localhost","port":50620,"weight":10,"serviceName":"dev@@douyin-srv","cluster":"cluster-a","metadata":{},"scheduled":false}>
2022-05-18T21:38:10.906+0800	[34mINFO[0m	naming_client/naming_proxy.go:103	namespaceId:<185be851-fa36-4cfc-b985-940d7eda5d1c> sending beat to server:<{"ip":"localhost","port":50620,"weight":10,"serviceName":"dev@@douyin-srv","cluster":"cluster-a","metadata":{},"scheduled":false}>
2022-05-18T21:38:15.933+0800	[34mINFO[0m	naming_client/naming_proxy.go:103	namespaceId:<185be851-fa36-4cfc-b985-940d7eda5d1c> sending beat to server:<{"ip":"localhost","port":50620,"weight":10,"serviceName":"dev@@douyin-srv","cluster":"cluster-a","metadata":{},"scheduled":false}>
2022-05-18T21:38:20.945+0800	[34mINFO[0m	naming_client/naming_proxy.go:103	namespaceId:<185be851-fa36-4cfc-b985-940d7eda5d1c> sending beat to server:<{"ip":"localhost","port":50620,"weight":10,"serviceName":"dev@@douyin-srv","cluster":"cluster-a","metadata":{},"scheduled":false}>
2022-05-18T21:38:24.351+0800	[34mINFO[0m	naming_client/beat_reactor.go:83	remove beat: dev@@douyin-srv@localhost:50620 from beat map
2022-05-18T21:38:24.351+0800	[34mINFO[0m	naming_client/naming_proxy.go:73	deregister instance namespaceId:<185be851-fa36-4cfc-b985-940d7eda5d1c>,serviceName:<dev@@douyin-srv> with instance:<localhost:50620@cluster-a>
2022-05-18T21:38:29.156+0800	[34mINFO[0m	nacos_client/nacos_client.go:79	logDir:<nacos/log>   cacheDir:<nacos/cache>
2022-05-18T21:38:29.157+0800	[34mINFO[0m	naming_client/push_receiver.go:80	udp server start, port: 55637
2022-05-18T21:38:29.157+0800	[34mINFO[0m	naming_client/naming_proxy.go:54	register instance namespaceId:<185be851-fa36-4cfc-b985-940d7eda5d1c>,serviceName:<dev@@douyin-srv> with instance:<{"valid":false,"marked":false,"instanceId":"","port":51238,"ip":"localhost","weight":10,"metadata":{},"clusterName":"cluster-a","serviceName":"","enabled":true,"healthy":true,"ephemeral":true}>
2022-05-18T21:38:29.160+0800	[34mINFO[0m	naming_client/beat_reactor.go:68	adding beat: <{"ip":"localhost","port":51238,"weight":10,"serviceName":"dev@@douyin-srv","cluster":"cluster-a","metadata":{},"scheduled":false}> to beat map
2022-05-18T21:38:29.161+0800	[34mINFO[0m	naming_client/naming_proxy.go:103	namespaceId:<185be851-fa36-4cfc-b985-940d7eda5d1c> sending beat to server:<{"ip":"localhost","port":51238,"weight":10,"serviceName":"dev@@douyin-srv","cluster":"cluster-a","metadata":{},"scheduled":false}>
2022-05-18T21:38:34.164+0800	[34mINFO[0m	naming_client/naming_proxy.go:103	namespaceId:<185be851-fa36-4cfc-b985-940d7eda5d1c> sending beat to server:<{"ip":"localhost","port":51238,"weight":10,"serviceName":"dev@@douyin-srv","cluster":"cluster-a","metadata":{},"scheduled":false}>
2022-05-18T21:38:39.188+0800	[34mINFO[0m	naming_client/naming_proxy.go:103	namespaceId:<185be851-fa36-4cfc-b985-940d7eda5d1c> sending beat to server:<{"ip":"localhost","port":51238,"weight":10,"serviceName":"dev@@douyin-srv","cluster":"cluster-a","metadata":{},"scheduled":false}>
2022-05-18T21:38:44.210+0800	[34mINFO[0m	naming_client/naming_proxy.go:103	namespaceId:<185be851-fa36-4cfc-b985-940d7eda5d1c> sending beat to server:<{"ip":"localhost","port":51238,"weight":10,"serviceName":"dev@@douyin-srv","cluster":"cluster-a","metadata":{},"scheduled":false}>
2022-05-18T21:38:49.225+0800	[34mINFO[0m	naming_client/naming_proxy.go:103	namespaceId:<185be851-fa36-4cfc-b985-940d7eda5d1c> sending beat to server:<{"ip":"localhost","port":51238,"weight":10,"serviceName":"dev@@douyin-srv","cluster":"cluster-a","metadata":{},"scheduled":false}>
2022-05-18T21:38:54.244+0800	[34mINFO[0m	naming_client/naming_proxy.go:103	namespaceId:<185be851-fa36-4cfc-b985-940d7eda5d1c> sending beat to server:<{"ip":"localhost","port":51238,"weight":10,"serviceName":"dev@@douyin-srv","cluster":"cluster-a","metadata":{},"scheduled":false}>
2022-05-18T21:38:59.256+0800	[34mINFO[0m	naming_client/naming_proxy.go:103	namespaceId:<185be851-fa36-4cfc-b985-940d7eda5d1c> sending beat to server:<{"ip":"localhost","port":51238,"weight":10,"serviceName":"dev@@douyin-srv","cluster":"cluster-a","metadata":{},"scheduled":false}>
2022-05-18T21:39:04.270+0800	[34mINFO[0m	naming_client/naming_proxy.go:103	namespaceId:<185be851-fa36-4cfc-b985-940d7eda5d1c> sending beat to server:<{"ip":"localhost","port":51238,"weight":10,"serviceName":"dev@@douyin-srv","cluster":"cluster-a","metadata":{},"scheduled":false}>
2022-05-18T21:39:09.294+0800	[34mINFO[0m	naming_client/naming_proxy.go:103	namespaceId:<185be851-fa36-4cfc-b985-940d7eda5d1c> sending beat to server:<{"ip":"localhost","port":51238,"weight":10,"serviceName":"dev@@douyin-srv","cluster":"cluster-a","metadata":{},"scheduled":false}>
2022-05-18T21:39:14.323+0800	[34mINFO[0m	naming_client/naming_proxy.go:103	namespaceId:<185be851-fa36-4cfc-b985-940d7eda5d1c> sending beat to server:<{"ip":"localhost","port":51238,"weight":10,"serviceName":"dev@@douyin-srv","cluster":"cluster-a","metadata":{},"scheduled":false}>
2022-05-18T21:39:19.346+0800	[34mINFO[0m	naming_client/naming_proxy.go:103	namespaceId:<185be851-fa36-4cfc-b985-940d7eda5d1c> sending beat to server:<{"ip":"localhost","port":51238,"weight":10,"serviceName":"dev@@douyin-srv","cluster":"cluster-a","metadata":{},"scheduled":false}>
2022-05-18T21:39:24.367+0800	[34mINFO[0m	naming_client/naming_proxy.go:103	namespaceId:<185be851-fa36-4cfc-b985-940d7eda5d1c> sending beat to server:<{"ip":"localhost","port":51238,"weight":10,"serviceName":"dev@@douyin-srv","cluster":"cluster-a","metadata":{},"scheduled":false}>
2022-05-18T21:39:29.380+0800	[34mINFO[0m	naming_client/naming_proxy.go:103	namespaceId:<185be851-fa36-4cfc-b985-940d7eda5d1c> sending beat to server:<{"ip":"localhost","port":51238,"weight":10,"serviceName":"dev@@douyin-srv","cluster":"cluster-a","metadata":{},"scheduled":false}>
2022-05-18T21:39:33.453+0800	[34mINFO[0m	naming_client/beat_reactor.go:83	remove beat: dev@@douyin-srv@localhost:51238 from beat map
2022-05-18T21:39:33.454+0800	[34mINFO[0m	naming_client/naming_proxy.go:73	deregister instance namespaceId:<185be851-fa36-4cfc-b985-940d7eda5d1c>,serviceName:<dev@@douyin-srv> with instance:<localhost:51238@cluster-a>
2022-05-18T21:40:59.677+0800	[34mINFO[0m	nacos_client/nacos_client.go:79	logDir:<nacos/log>   cacheDir:<nacos/cache>
2022-05-18T21:49:47.034+0800	[34mINFO[0m	nacos_client/nacos_client.go:79	logDir:<nacos/log>   cacheDir:<nacos/cache>
2022-05-18T21:49:47.034+0800	[34mINFO[0m	naming_client/push_receiver.go:80	udp server start, port: 55055
2022-05-18T21:49:47.069+0800	[34mINFO[0m	naming_client/naming_proxy.go:54	register instance namespaceId:<185be851-fa36-4cfc-b985-940d7eda5d1c>,serviceName:<dev@@douyin-srv> with instance:<{"valid":false,"marked":false,"instanceId":"","port":52236,"ip":"localhost","weight":10,"metadata":{},"clusterName":"cluster-a","serviceName":"","enabled":true,"healthy":true,"ephemeral":true}>
2022-05-18T21:49:47.073+0800	[34mINFO[0m	naming_client/beat_reactor.go:68	adding beat: <{"ip":"localhost","port":52236,"weight":10,"serviceName":"dev@@douyin-srv","cluster":"cluster-a","metadata":{},"scheduled":false}> to beat map
2022-05-18T21:49:47.073+0800	[34mINFO[0m	naming_client/naming_proxy.go:103	namespaceId:<185be851-fa36-4cfc-b985-940d7eda5d1c> sending beat to server:<{"ip":"localhost","port":52236,"weight":10,"serviceName":"dev@@douyin-srv","cluster":"cluster-a","metadata":{},"scheduled":false}>
2022-05-18T21:49:52.076+0800	[34mINFO[0m	naming_client/naming_proxy.go:103	namespaceId:<185be851-fa36-4cfc-b985-940d7eda5d1c> sending beat to server:<{"ip":"localhost","port":52236,"weight":10,"serviceName":"dev@@douyin-srv","cluster":"cluster-a","metadata":{},"scheduled":false}>
2022-05-18T21:49:53.784+0800	[34mINFO[0m	naming_client/beat_reactor.go:83	remove beat: dev@@douyin-srv@localhost:52236 from beat map
2022-05-18T21:49:53.784+0800	[34mINFO[0m	naming_client/naming_proxy.go:73	deregister instance namespaceId:<185be851-fa36-4cfc-b985-940d7eda5d1c>,serviceName:<dev@@douyin-srv> with instance:<localhost:52236@cluster-a>
